# JRE version: OpenJDK Runtime Environment (8.0_76-b03) (build 1.8.0_76-release-b03)
# Java VM: OpenJDK 64-Bit Server VM (25.76-b03 mixed mode windows-amd64 compressed oops)
Heap:
 PSYoungGen      total 312832K, used 74028K [0x00000000eab00000, 0x0000000100000000, 0x0000000100000000)
  eden space 276480K, 26% used [0x00000000eab00000,0x00000000ef34b070,0x00000000fb900000)
  from space 36352K, 0% used [0x00000000fb900000,0x00000000fb900000,0x00000000fdc80000)
  to   space 36352K, 0% used [0x00000000fdc80000,0x00000000fdc80000,0x0000000100000000)
 ParOldGen       total 76800K, used 48594K [0x00000000c0000000, 0x00000000c4b00000, 0x00000000eab00000)
  object space 76800K, 63% used [0x00000000c0000000,0x00000000c2f74918,0x00000000c4b00000)
 Metaspace       used 69895K, capacity 72920K, committed 73088K, reserved 1112064K
  class space    used 9165K, capacity 9790K, committed 9856K, reserved 1048576K
GC Heap History (10 events):
Event: 198.994 GC heap before
{Heap before GC invocations=14 (full 3):
 PSYoungGen      total 301568K, used 301557K [0x00000000eab00000, 0x0000000100000000, 0x0000000100000000)
  eden space 274432K, 100% used [0x00000000eab00000,0x00000000fb700000,0x00000000fb700000)
  from space 27136K, 99% used [0x00000000fe580000,0x00000000ffffd670,0x0000000100000000)
  to   space 37376K, 0% used [0x00000000fb700000,0x00000000fb700000,0x00000000fdb80000)
 ParOldGen       total 76800K, used 52674K [0x00000000c0000000, 0x00000000c4b00000, 0x00000000eab00000)
  object space 76800K, 68% used [0x00000000c0000000,0x00000000c33708f8,0x00000000c4b00000)
 Metaspace       used 67302K, capacity 69838K, committed 70144K, reserved 1110016K
  class space    used 8846K, capacity 9411K, committed 9472K, reserved 1048576K
Event: 199.006 GC heap after
Heap after GC invocations=14 (full 3):
 PSYoungGen      total 311808K, used 11925K [0x00000000eab00000, 0x0000000100000000, 0x0000000100000000)
  eden space 274432K, 0% used [0x00000000eab00000,0x00000000eab00000,0x00000000fb700000)
  from space 37376K, 31% used [0x00000000fb700000,0x00000000fc2a5798,0x00000000fdb80000)
  to   space 36352K, 0% used [0x00000000fdc80000,0x00000000fdc80000,0x0000000100000000)
 ParOldGen       total 76800K, used 58709K [0x00000000c0000000, 0x00000000c4b00000, 0x00000000eab00000)
  object space 76800K, 76% used [0x00000000c0000000,0x00000000c3955680,0x00000000c4b00000)
 Metaspace       used 67302K, capacity 69838K, committed 70144K, reserved 1110016K
  class space    used 8846K, capacity 9411K, committed 9472K, reserved 1048576K
}
Event: 202.656 GC heap before
{Heap before GC invocations=15 (full 3):
 PSYoungGen      total 311808K, used 150861K [0x00000000eab00000, 0x0000000100000000, 0x0000000100000000)
  eden space 274432K, 50% used [0x00000000eab00000,0x00000000f32add68,0x00000000fb700000)
  from space 37376K, 31% used [0x00000000fb700000,0x00000000fc2a5798,0x00000000fdb80000)
  to   space 36352K, 0% used [0x00000000fdc80000,0x00000000fdc80000,0x0000000100000000)
 ParOldGen       total 76800K, used 58709K [0x00000000c0000000, 0x00000000c4b00000, 0x00000000eab00000)
  object space 76800K, 76% used [0x00000000c0000000,0x00000000c3955680,0x00000000c4b00000)
 Metaspace       used 68611K, capacity 71300K, committed 71424K, reserved 1112064K
  class space    used 9049K, capacity 9654K, committed 9728K, reserved 1048576K
Event: 202.663 GC heap after
Heap after GC invocations=15 (full 3):
 PSYoungGen      total 312832K, used 2367K [0x00000000eab00000, 0x0000000100000000, 0x0000000100000000)
  eden space 276480K, 0% used [0x00000000eab00000,0x00000000eab00000,0x00000000fb900000)
  from space 36352K, 6% used [0x00000000fdc80000,0x00000000fdecff60,0x0000000100000000)
  to   space 36352K, 0% used [0x00000000fb900000,0x00000000fb900000,0x00000000fdc80000)
 ParOldGen       total 76800K, used 62666K [0x00000000c0000000, 0x00000000c4b00000, 0x00000000eab00000)
  object space 76800K, 81% used [0x00000000c0000000,0x00000000c3d32bf8,0x00000000c4b00000)
 Metaspace       used 68611K, capacity 71300K, committed 71424K, reserved 1112064K
  class space    used 9049K, capacity 9654K, committed 9728K, reserved 1048576K
}
Event: 202.663 GC heap before
{Heap before GC invocations=16 (full 4):
 PSYoungGen      total 312832K, used 2367K [0x00000000eab00000, 0x0000000100000000, 0x0000000100000000)
  eden space 276480K, 0% used [0x00000000eab00000,0x00000000eab00000,0x00000000fb900000)
  from space 36352K, 6% used [0x00000000fdc80000,0x00000000fdecff60,0x0000000100000000)
  to   space 36352K, 0% used [0x00000000fb900000,0x00000000fb900000,0x00000000fdc80000)
 ParOldGen       total 76800K, used 62666K [0x00000000c0000000, 0x00000000c4b00000, 0x00000000eab00000)
  object space 76800K, 81% used [0x00000000c0000000,0x00000000c3d32bf8,0x00000000c4b00000)
 Metaspace       used 68611K, capacity 71300K, committed 71424K, reserved 1112064K
  class space    used 9049K, capacity 9654K, committed 9728K, reserved 1048576K
Event: 202.867 GC heap after
Heap after GC invocations=16 (full 4):
 PSYoungGen      total 312832K, used 0K [0x00000000eab00000, 0x0000000100000000, 0x0000000100000000)
  eden space 276480K, 0% used [0x00000000eab00000,0x00000000eab00000,0x00000000fb900000)
  from space 36352K, 0% used [0x00000000fdc80000,0x00000000fdc80000,0x0000000100000000)
  to   space 36352K, 0% used [0x00000000fb900000,0x00000000fb900000,0x00000000fdc80000)
 ParOldGen       total 76800K, used 48134K [0x00000000c0000000, 0x00000000c4b00000, 0x00000000eab00000)
  object space 76800K, 62% used [0x00000000c0000000,0x00000000c2f01b38,0x00000000c4b00000)
 Metaspace       used 68597K, capacity 71260K, committed 71424K, reserved 1112064K
  class space    used 9045K, capacity 9646K, committed 9728K, reserved 1048576K
}
Event: 332.128 GC heap before
{Heap before GC invocations=17 (full 4):
 PSYoungGen      total 312832K, used 252786K [0x00000000eab00000, 0x0000000100000000, 0x0000000100000000)
  eden space 276480K, 91% used [0x00000000eab00000,0x00000000fa1dcbf8,0x00000000fb900000)
  from space 36352K, 0% used [0x00000000fdc80000,0x00000000fdc80000,0x0000000100000000)
  to   space 36352K, 0% used [0x00000000fb900000,0x00000000fb900000,0x00000000fdc80000)
 ParOldGen       total 76800K, used 48134K [0x00000000c0000000, 0x00000000c4b00000, 0x00000000eab00000)
  object space 76800K, 62% used [0x00000000c0000000,0x00000000c2f01b38,0x00000000c4b00000)
 Metaspace       used 69812K, capacity 72750K, committed 72832K, reserved 1112064K
  class space    used 9155K, capacity 9779K, committed 9856K, reserved 1048576K
Event: 332.132 GC heap after
Heap after GC invocations=17 (full 4):
 PSYoungGen      total 312832K, used 2971K [0x00000000eab00000, 0x0000000100000000, 0x0000000100000000)
  eden space 276480K, 0% used [0x00000000eab00000,0x00000000eab00000,0x00000000fb900000)
  from space 36352K, 8% used [0x00000000fb900000,0x00000000fbbe6f90,0x00000000fdc80000)
  to   space 36352K, 0% used [0x00000000fdc80000,0x00000000fdc80000,0x0000000100000000)
 ParOldGen       total 76800K, used 48142K [0x00000000c0000000, 0x00000000c4b00000, 0x00000000eab00000)
  object space 76800K, 62% used [0x00000000c0000000,0x00000000c2f03b38,0x00000000c4b00000)
 Metaspace       used 69812K, capacity 72750K, committed 72832K, reserved 1112064K
  class space    used 9155K, capacity 9779K, committed 9856K, reserved 1048576K
}
Event: 332.132 GC heap before
{Heap before GC invocations=18 (full 5):
 PSYoungGen      total 312832K, used 2971K [0x00000000eab00000, 0x0000000100000000, 0x0000000100000000)
  eden space 276480K, 0% used [0x00000000eab00000,0x00000000eab00000,0x00000000fb900000)
  from space 36352K, 8% used [0x00000000fb900000,0x00000000fbbe6f90,0x00000000fdc80000)
  to   space 36352K, 0% used [0x00000000fdc80000,0x00000000fdc80000,0x0000000100000000)
 ParOldGen       total 76800K, used 48142K [0x00000000c0000000, 0x00000000c4b00000, 0x00000000eab00000)
  object space 76800K, 62% used [0x00000000c0000000,0x00000000c2f03b38,0x00000000c4b00000)
 Metaspace       used 69812K, capacity 72750K, committed 72832K, reserved 1112064K
  class space    used 9155K, capacity 9779K, committed 9856K, reserved 1048576K
Event: 332.402 GC heap after
Heap after GC invocations=18 (full 5):
 PSYoungGen      total 312832K, used 0K [0x00000000eab00000, 0x0000000100000000, 0x0000000100000000)
  eden space 276480K, 0% used [0x00000000eab00000,0x00000000eab00000,0x00000000fb900000)
  from space 36352K, 0% used [0x00000000fb900000,0x00000000fb900000,0x00000000fdc80000)
  to   space 36352K, 0% used [0x00000000fdc80000,0x00000000fdc80000,0x0000000100000000)
 ParOldGen       total 76800K, used 48594K [0x00000000c0000000, 0x00000000c4b00000, 0x00000000eab00000)
  object space 76800K, 63% used [0x00000000c0000000,0x00000000c2f74918,0x00000000c4b00000)
 Metaspace       used 69812K, capacity 72750K, committed 72832K, reserved 1112064K
  class space    used 9155K, capacity 9779K, committed 9856K, reserved 1048576K
}

